<?xml version="1.0" encoding="UTF-8"?>
<testsuite name="com.back.repository.MemberRepositoryTests" tests="1" skipped="0" failures="0" errors="0" timestamp="2024-03-13T07:53:20" hostname="MacBook-Air.local" time="0.449">
  <properties/>
  <testcase name="testInsertMember2()" classname="com.back.repository.MemberRepositoryTests" time="0.449"/>
  <system-out><![CDATA[16:53:17.931 [Test worker] INFO org.springframework.test.context.support.AnnotationConfigContextLoaderUtils -- Could not detect default configuration classes for test class [com.back.repository.MemberRepositoryTests]: MemberRepositoryTests does not declare any static, non-private, non-final, nested classes annotated with @Configuration.
16:53:17.980 [Test worker] INFO org.springframework.boot.test.context.SpringBootTestContextBootstrapper -- Found @SpringBootConfiguration com.back.BackApplication for test class com.back.repository.MemberRepositoryTests

  .   ____          _            __ _ _
 /\\ / ___'_ __ _ _(_)_ __  __ _ \ \ \ \
( ( )\___ | '_ | '_| | '_ \/ _` | \ \ \ \
 \\/  ___)| |_)| | | | | || (_| |  ) ) ) )
  '  |____| .__|_| |_|_| |_\__, | / / / /
 =========|_|==============|___/=/_/_/_/
 :: Spring Boot ::                (v3.2.3)

2024-03-13T16:53:18.162+09:00  INFO 16965 --- [    Test worker] c.back.repository.MemberRepositoryTests  : Starting MemberRepositoryTests using Java 17.0.10 with PID 16965 (started by kgm in /Users/kgm/Downloads/back (1))
2024-03-13T16:53:18.163+09:00  INFO 16965 --- [    Test worker] c.back.repository.MemberRepositoryTests  : No active profile set, falling back to 1 default profile: "default"
2024-03-13T16:53:18.461+09:00  INFO 16965 --- [    Test worker] .s.d.r.c.RepositoryConfigurationDelegate : Bootstrapping Spring Data JPA repositories in DEFAULT mode.
2024-03-13T16:53:18.491+09:00  INFO 16965 --- [    Test worker] .s.d.r.c.RepositoryConfigurationDelegate : Finished Spring Data repository scanning in 26 ms. Found 1 JPA repository interface.
2024-03-13T16:53:18.719+09:00  INFO 16965 --- [    Test worker] o.hibernate.jpa.internal.util.LogHelper  : HHH000204: Processing PersistenceUnitInfo [name: default]
2024-03-13T16:53:18.741+09:00  INFO 16965 --- [    Test worker] org.hibernate.Version                    : HHH000412: Hibernate ORM core version 6.4.4.Final
2024-03-13T16:53:18.755+09:00  INFO 16965 --- [    Test worker] o.h.c.internal.RegionFactoryInitiator    : HHH000026: Second-level cache disabled
2024-03-13T16:53:18.853+09:00  INFO 16965 --- [    Test worker] o.s.o.j.p.SpringPersistenceUnitInfo      : No LoadTimeWeaver setup: ignoring JPA class transformer
2024-03-13T16:53:18.865+09:00  INFO 16965 --- [    Test worker] com.zaxxer.hikari.HikariDataSource       : HikariPool-1 - Starting...
2024-03-13T16:53:18.936+09:00  INFO 16965 --- [    Test worker] com.zaxxer.hikari.pool.HikariPool        : HikariPool-1 - Added connection com.mysql.cj.jdbc.ConnectionImpl@c4cceb
2024-03-13T16:53:18.936+09:00  INFO 16965 --- [    Test worker] com.zaxxer.hikari.HikariDataSource       : HikariPool-1 - Start completed.
2024-03-13T16:53:19.346+09:00  INFO 16965 --- [    Test worker] o.h.e.t.j.p.i.JtaPlatformInitiator       : HHH000489: No JTA platform available (set 'hibernate.transaction.jta.platform' to enable JTA platform integration)
Hibernate: 
    create table member (
        email varchar(255) not null,
        detail_address varchar(255),
        name varchar(255),
        nickname varchar(255),
        number varchar(255),
        pw varchar(255),
        social bit not null,
        street_address varchar(255),
        zip_code varchar(255),
        primary key (email)
    ) engine=InnoDB
Hibernate: 
    create table member_member_role_list (
        member_email varchar(255) not null,
        member_role_list tinyint check (member_role_list between 0 and 2)
    ) engine=InnoDB
Hibernate: 
    alter table member_member_role_list 
       add constraint FK2cojwm6nbbasi0xkedqjjagap 
       foreign key (member_email) 
       references member (email)
2024-03-13T16:53:19.412+09:00  INFO 16965 --- [    Test worker] j.LocalContainerEntityManagerFactoryBean : Initialized JPA EntityManagerFactory for persistence unit 'default'
2024-03-13T16:53:19.592+09:00  INFO 16965 --- [    Test worker] o.s.d.j.r.query.QueryEnhancerFactory     : Hibernate is in classpath; If applicable, HQL parser will be used.
2024-03-13T16:53:19.774+09:00  WARN 16965 --- [    Test worker] JpaBaseConfiguration$JpaWebConfiguration : spring.jpa.open-in-view is enabled by default. Therefore, database queries may be performed during view rendering. Explicitly configure spring.jpa.open-in-view to disable this warning
2024-03-13T16:53:19.827+09:00  INFO 16965 --- [    Test worker] com.back.config.CustomSecurityConfig     : ---------------------security config---------------------------
2024-03-13T16:53:19.863+09:00  INFO 16965 --- [    Test worker] o.s.s.web.DefaultSecurityFilterChain     : Will secure any request with [org.springframework.security.web.session.DisableEncodeUrlFilter@110b6c78, org.springframework.security.web.context.request.async.WebAsyncManagerIntegrationFilter@e62d757, org.springframework.security.web.context.SecurityContextHolderFilter@2f29046b, org.springframework.security.web.header.HeaderWriterFilter@348d1a5e, org.springframework.web.filter.CorsFilter@597f2d3f, org.springframework.security.web.authentication.logout.LogoutFilter@1639ec7a, com.back.security.filter.JWTCheckFilter@7746330a, org.springframework.security.web.authentication.UsernamePasswordAuthenticationFilter@615f61ec, org.springframework.security.web.savedrequest.RequestCacheAwareFilter@48d6248d, org.springframework.security.web.servletapi.SecurityContextHolderAwareRequestFilter@c32908c, org.springframework.security.web.authentication.AnonymousAuthenticationFilter@3de4f936, org.springframework.security.web.session.SessionManagementFilter@17524c36, org.springframework.security.web.access.ExceptionTranslationFilter@1ee37c7a]
2024-03-13T16:53:20.167+09:00  INFO 16965 --- [    Test worker] c.back.repository.MemberRepositoryTests  : Started MemberRepositoryTests in 2.094 seconds (process running for 2.635)
Hibernate: 
    select
        m1_0.email,
        m1_0.detail_address,
        m1_0.name,
        m1_0.nickname,
        m1_0.number,
        m1_0.pw,
        m1_0.social,
        m1_0.street_address,
        m1_0.zip_code 
    from
        member m1_0 
    where
        m1_0.email=?
Hibernate: 
    insert 
    into
        member
        (detail_address, name, nickname, number, pw, social, street_address, zip_code, email) 
    values
        (?, ?, ?, ?, ?, ?, ?, ?, ?)
Hibernate: 
    insert 
    into
        member_member_role_list
        (member_email, member_role_list) 
    values
        (?, ?)
]]></system-out>
  <system-err><![CDATA[]]></system-err>
</testsuite>
